2020-04-28 01:04:994 INFO  BrowserSelector :23 - Launching Chrome Browser
2020-04-28 01:04:155 INFO  BrowserSelector :23 - Launching Chrome Browser
2020-04-28 02:04:306 INFO  BrowserSelector :23 - Launching Chrome Browser
2020-04-28 02:04:267 INFO  HomePage :24 - Clicking on bank manager login button [[ChromeDriver: chrome on WINDOWS (388be33ae0805225b9abf6fd552bb23b)] -> xpath: //button[contains(text(),'Bank Manager Login')]]
2020-04-28 02:04:668 INFO  BankManagerLoginPage :31 - Clicking to add customer [[ChromeDriver: chrome on WINDOWS (388be33ae0805225b9abf6fd552bb23b)] -> xpath: //button[contains(text(),'Add Customer')]]
2020-04-28 02:04:718 INFO  AddCustomerPage :28 - Enter first name Hermoine First name field[[ChromeDriver: chrome on WINDOWS (388be33ae0805225b9abf6fd552bb23b)] -> xpath: //input[@placeholder='First Name']]
2020-04-28 02:04:97 INFO  AddCustomerPage :34 - Enter last name GrangerLast name field [[ChromeDriver: chrome on WINDOWS (388be33ae0805225b9abf6fd552bb23b)] -> xpath: //input[@placeholder='Last Name']]
2020-04-28 02:04:367 INFO  AddCustomerPage :40 - Enter post code E859ACPost code field[[ChromeDriver: chrome on WINDOWS (388be33ae0805225b9abf6fd552bb23b)] -> xpath: //input[@placeholder='Post Code']]
2020-04-28 02:04:405 INFO  AddCustomerPage :45 - Clicking on add customer button [[ChromeDriver: chrome on WINDOWS (388be33ae0805225b9abf6fd552bb23b)] -> xpath: //button[@class='btn btn-default']]
2020-04-28 02:04:340 INFO  BrowserSelector :23 - Launching Chrome Browser
2020-04-28 02:04:223 INFO  HomePage :24 - Clicking on bank manager login button [[ChromeDriver: chrome on WINDOWS (98aadb8e8344ebfd61df21573ef2d577)] -> xpath: //button[contains(text(),'Bank Manager Login')]]
2020-04-28 02:04:688 INFO  BankManagerLoginPage :31 - Clicking to add customer [[ChromeDriver: chrome on WINDOWS (98aadb8e8344ebfd61df21573ef2d577)] -> xpath: //button[contains(text(),'Add Customer')]]
2020-04-28 02:04:485 INFO  AddCustomerPage :28 - Enter first name Hermoine First name field[[ChromeDriver: chrome on WINDOWS (98aadb8e8344ebfd61df21573ef2d577)] -> xpath: //input[@placeholder='First Name']]
2020-04-28 02:04:891 INFO  AddCustomerPage :34 - Enter last name GrangerLast name field [[ChromeDriver: chrome on WINDOWS (98aadb8e8344ebfd61df21573ef2d577)] -> xpath: //input[@placeholder='Last Name']]
2020-04-28 02:04:236 INFO  AddCustomerPage :40 - Enter post code E859ACPost code field[[ChromeDriver: chrome on WINDOWS (98aadb8e8344ebfd61df21573ef2d577)] -> xpath: //input[@placeholder='Post Code']]
2020-04-28 02:04:334 INFO  AddCustomerPage :45 - Clicking on add customer button [[ChromeDriver: chrome on WINDOWS (98aadb8e8344ebfd61df21573ef2d577)] -> xpath: //button[@class='btn btn-default']]
2020-04-28 02:04:378 INFO  BrowserSelector :23 - Launching Chrome Browser
2020-04-28 02:04:51 INFO  HomePage :24 - Clicking on bank manager login button [[ChromeDriver: chrome on WINDOWS (ed69da659e86629f45707f0d6159bcfe)] -> xpath: //button[contains(text(),'Bank Manager Login')]]
2020-04-28 02:04:710 INFO  OpenAccountPage :32 - Clicking on open account button [[ChromeDriver: chrome on WINDOWS (ed69da659e86629f45707f0d6159bcfe)] -> xpath: //button[contains(text(),'Open Account')]]
2020-04-28 02:04:774 INFO  OpenAccountPage :44 - Selecting customer name [[ChromeDriver: chrome on WINDOWS (ed69da659e86629f45707f0d6159bcfe)] -> xpath: //option[contains(text(),'Hermoine Granger')]]
2020-04-28 02:04:343 INFO  OpenAccountPage :50 - Clicking on currency button [[ChromeDriver: chrome on WINDOWS (ed69da659e86629f45707f0d6159bcfe)] -> xpath: //select[@id='userSelect']]
2020-04-28 02:04:484 INFO  OpenAccountPage :56 - Selecting currency as pound [[ChromeDriver: chrome on WINDOWS (ed69da659e86629f45707f0d6159bcfe)] -> xpath: //option[contains(text(),'Pound')]]
2020-04-28 02:04:547 INFO  OpenAccountPage :61 - Clicking on process button [[ChromeDriver: chrome on WINDOWS (ed69da659e86629f45707f0d6159bcfe)] -> xpath: //button[contains(text(),'Process')]]
2020-04-28 11:04:973 INFO  BrowserSelector :23 - Launching Chrome Browser
2020-04-28 11:04:293 INFO  HomePage :30 - Clicking on customer login button [[ChromeDriver: chrome on WINDOWS (b7ffd026681ab8abbaab7874eb5e573c)] -> xpath: //button[contains(text(),'Customer Login')]]
2020-04-28 11:04:47 INFO  CustomerPage :28 - Clicking on your name [[ChromeDriver: chrome on WINDOWS (b7ffd026681ab8abbaab7874eb5e573c)] -> id: userSelect]
2020-04-28 11:04:257 INFO  CustomerPage :34 - Clicking on select name [[ChromeDriver: chrome on WINDOWS (b7ffd026681ab8abbaab7874eb5e573c)] -> xpath: //option[contains(text(),'Hermoine Granger')]]
2020-04-28 11:04:677 INFO  CustomerPage :40 - Clicking on login button [[ChromeDriver: chrome on WINDOWS (b7ffd026681ab8abbaab7874eb5e573c)] -> xpath: //button[@class='btn btn-default']]
2020-04-28 11:04:877 INFO  CustomerLoginPage :24 - Getting logout text [[ChromeDriver: chrome on WINDOWS (b7ffd026681ab8abbaab7874eb5e573c)] -> xpath: //button[@class='btn logout']]
2020-04-28 11:04:69 INFO  CustomerLoginPage :30 - Clicking on logout button [[ChromeDriver: chrome on WINDOWS (b7ffd026681ab8abbaab7874eb5e573c)] -> xpath: //button[@class='btn logout']]
2020-04-28 11:04:210 INFO  CustomerPage :45 - Getting your name message [[ChromeDriver: chrome on WINDOWS (b7ffd026681ab8abbaab7874eb5e573c)] -> xpath: //label[contains(text(),'Your Name :')]]
2020-04-28 11:04:501 INFO  BrowserSelector :23 - Launching Chrome Browser
2020-04-28 11:04:440 INFO  HomePage :30 - Clicking on customer login button [[ChromeDriver: chrome on WINDOWS (5a080a0724c2c9401c01433c07e630ea)] -> xpath: //button[contains(text(),'Customer Login')]]
2020-04-28 11:04:898 INFO  CustomerPage :28 - Clicking on your name [[ChromeDriver: chrome on WINDOWS (5a080a0724c2c9401c01433c07e630ea)] -> id: userSelect]
2020-04-28 11:04:82 INFO  CustomerPage :34 - Clicking on select name [[ChromeDriver: chrome on WINDOWS (5a080a0724c2c9401c01433c07e630ea)] -> xpath: //option[contains(text(),'Hermoine Granger')]]
2020-04-28 11:04:598 INFO  CustomerPage :40 - Clicking on login button Proxy element for: DefaultElementLocator 'By.xpath: //button[@class='btn btn-default']'
2020-04-28 11:04:660 INFO  CustomerLoginPage :24 - Getting logout text [[ChromeDriver: chrome on WINDOWS (5a080a0724c2c9401c01433c07e630ea)] -> xpath: //button[@class='btn logout']]
2020-04-28 11:04:754 INFO  CustomerLoginPage :30 - Clicking on logout button [[ChromeDriver: chrome on WINDOWS (5a080a0724c2c9401c01433c07e630ea)] -> xpath: //button[@class='btn logout']]
2020-04-28 11:04:995 INFO  CustomerPage :45 - Getting your name message [[ChromeDriver: chrome on WINDOWS (5a080a0724c2c9401c01433c07e630ea)] -> xpath: //label[contains(text(),'Your Name :')]]
2020-04-28 11:04:862 INFO  BrowserSelector :23 - Launching Chrome Browser
2020-04-28 11:04:402 INFO  HomePage :30 - Clicking on customer login button [[ChromeDriver: chrome on WINDOWS (78724be4b9babaac6c4fae49a6843b56)] -> xpath: //button[contains(text(),'Customer Login')]]
2020-04-28 11:04:311 INFO  CustomerPage :28 - Clicking on your name [[ChromeDriver: chrome on WINDOWS (78724be4b9babaac6c4fae49a6843b56)] -> id: userSelect]
2020-04-28 11:04:278 INFO  BrowserSelector :23 - Launching Chrome Browser
2020-04-28 11:04:853 INFO  HomePage :30 - Clicking on customer login button [[ChromeDriver: chrome on WINDOWS (25434a6bce724c434f147e06fc95eb6b)] -> xpath: //button[contains(text(),'Customer Login')]]
2020-04-28 12:04:528 INFO  CustomerPage :28 - Clicking on your name [[ChromeDriver: chrome on WINDOWS (25434a6bce724c434f147e06fc95eb6b)] -> id: userSelect]
2020-04-28 12:04:744 INFO  CustomerPage :34 - Clicking on select name [[ChromeDriver: chrome on WINDOWS (25434a6bce724c434f147e06fc95eb6b)] -> xpath: //option[contains(text(),'Hermoine Granger')]]
2020-04-28 12:04:269 INFO  CustomerPage :40 - Clicking on login button [[ChromeDriver: chrome on WINDOWS (25434a6bce724c434f147e06fc95eb6b)] -> xpath: //button[@class='btn btn-default']]
2020-04-28 12:04:579 INFO  AccountPage :36 - Clicking on deposit button [[ChromeDriver: chrome on WINDOWS (25434a6bce724c434f147e06fc95eb6b)] -> xpath: //button[contains(text(),'Deposit')]]
2020-04-28 12:04:256 INFO  AccountPage :42 - Enter amount to deposit 100Enter amount [[ChromeDriver: chrome on WINDOWS (25434a6bce724c434f147e06fc95eb6b)] -> xpath: //input[@placeholder='amount']]
2020-04-28 12:04:336 INFO  AccountPage :36 - Clicking on deposit button [[ChromeDriver: chrome on WINDOWS (25434a6bce724c434f147e06fc95eb6b)] -> xpath: //button[contains(text(),'Deposit')]]
2020-04-28 12:04:958 INFO  AccountPage :53 - Getting text deposit successful message Proxy element for: DefaultElementLocator 'By.xpath: //span[@class='error ng-binding']'
2020-04-28 12:04:153 INFO  BrowserSelector :23 - Launching Chrome Browser
2020-04-28 12:04:549 INFO  HomePage :30 - Clicking on customer login button [[ChromeDriver: chrome on WINDOWS (099b57adea1f9a493b1d00e852b2cc00)] -> xpath: //button[contains(text(),'Customer Login')]]
2020-04-28 12:04:729 INFO  CustomerPage :28 - Clicking on your name [[ChromeDriver: chrome on WINDOWS (099b57adea1f9a493b1d00e852b2cc00)] -> id: userSelect]
2020-04-28 12:04:877 INFO  CustomerPage :34 - Clicking on select name [[ChromeDriver: chrome on WINDOWS (099b57adea1f9a493b1d00e852b2cc00)] -> xpath: //option[contains(text(),'Hermoine Granger')]]
2020-04-28 12:04:627 INFO  CustomerPage :40 - Clicking on login button [[ChromeDriver: chrome on WINDOWS (099b57adea1f9a493b1d00e852b2cc00)] -> xpath: //button[@class='btn btn-default']]
2020-04-28 12:04:75 INFO  AccountPage :36 - Clicking on deposit button [[ChromeDriver: chrome on WINDOWS (099b57adea1f9a493b1d00e852b2cc00)] -> xpath: //button[contains(text(),'Deposit')]]
2020-04-28 12:04:357 INFO  AccountPage :42 - Enter amount to deposit 100Enter amount [[ChromeDriver: chrome on WINDOWS (099b57adea1f9a493b1d00e852b2cc00)] -> xpath: //input[@placeholder='amount']]
2020-04-28 12:04:509 INFO  AccountPage :36 - Clicking on deposit button [[ChromeDriver: chrome on WINDOWS (099b57adea1f9a493b1d00e852b2cc00)] -> xpath: //button[contains(text(),'Deposit')]]
2020-04-28 12:04:646 INFO  AccountPage :53 - Getting text deposit successful message Proxy element for: DefaultElementLocator 'By.xpath: //span[@class='error ng-binding']'
2020-04-28 12:04:104 INFO  BrowserSelector :23 - Launching Chrome Browser
2020-04-28 12:04:900 INFO  HomePage :30 - Clicking on customer login button [[ChromeDriver: chrome on WINDOWS (54637ea4e6aead5c6dc5408cc1034b66)] -> xpath: //button[contains(text(),'Customer Login')]]
2020-04-28 12:04:494 INFO  CustomerPage :28 - Clicking on your name [[ChromeDriver: chrome on WINDOWS (54637ea4e6aead5c6dc5408cc1034b66)] -> id: userSelect]
2020-04-28 12:04:670 INFO  CustomerPage :34 - Clicking on select name [[ChromeDriver: chrome on WINDOWS (54637ea4e6aead5c6dc5408cc1034b66)] -> xpath: //option[contains(text(),'Hermoine Granger')]]
2020-04-28 12:04:227 INFO  CustomerPage :40 - Clicking on login button [[ChromeDriver: chrome on WINDOWS (54637ea4e6aead5c6dc5408cc1034b66)] -> xpath: //button[@class='btn btn-default']]
2020-04-28 12:04:487 INFO  AccountPage :36 - Clicking on deposit button [[ChromeDriver: chrome on WINDOWS (54637ea4e6aead5c6dc5408cc1034b66)] -> xpath: //button[contains(text(),'Deposit')]]
2020-04-28 12:04:917 INFO  AccountPage :42 - Enter amount to deposit 100Enter amount [[ChromeDriver: chrome on WINDOWS (54637ea4e6aead5c6dc5408cc1034b66)] -> xpath: //input[@placeholder='amount']]
2020-04-28 12:04:14 INFO  AccountPage :36 - Clicking on deposit button [[ChromeDriver: chrome on WINDOWS (54637ea4e6aead5c6dc5408cc1034b66)] -> xpath: //button[contains(text(),'Deposit')]]
2020-04-28 12:04:287 INFO  AccountPage :53 - Getting text deposit successful message Proxy element for: DefaultElementLocator 'By.xpath: //span[@class='error ng-binding']'
2020-04-28 12:04:199 INFO  BrowserSelector :23 - Launching Chrome Browser
2020-04-28 12:04:231 INFO  HomePage :30 - Clicking on customer login button [[ChromeDriver: chrome on WINDOWS (8e46a81834b5e100bfbaf9878c7b69a4)] -> xpath: //button[contains(text(),'Customer Login')]]
2020-04-28 12:04:860 INFO  CustomerPage :28 - Clicking on your name [[ChromeDriver: chrome on WINDOWS (8e46a81834b5e100bfbaf9878c7b69a4)] -> id: userSelect]
2020-04-28 12:04:998 INFO  CustomerPage :34 - Clicking on select name [[ChromeDriver: chrome on WINDOWS (8e46a81834b5e100bfbaf9878c7b69a4)] -> xpath: //option[contains(text(),'Hermoine Granger')]]
2020-04-28 12:04:701 INFO  CustomerPage :40 - Clicking on login button [[ChromeDriver: chrome on WINDOWS (8e46a81834b5e100bfbaf9878c7b69a4)] -> xpath: //button[@class='btn btn-default']]
2020-04-28 12:04:176 INFO  AccountPage :36 - Clicking on deposit button [[ChromeDriver: chrome on WINDOWS (8e46a81834b5e100bfbaf9878c7b69a4)] -> xpath: //button[contains(text(),'Deposit')]]
2020-04-28 12:04:476 INFO  AccountPage :42 - Enter amount to deposit 100Enter amount [[ChromeDriver: chrome on WINDOWS (8e46a81834b5e100bfbaf9878c7b69a4)] -> xpath: //input[@placeholder='amount']]
2020-04-28 12:04:587 INFO  AccountPage :36 - Clicking on deposit button [[ChromeDriver: chrome on WINDOWS (8e46a81834b5e100bfbaf9878c7b69a4)] -> xpath: //button[contains(text(),'Deposit')]]
2020-04-28 12:04:361 INFO  BrowserSelector :23 - Launching Chrome Browser
2020-04-28 12:04:536 INFO  HomePage :30 - Clicking on customer login button [[ChromeDriver: chrome on WINDOWS (c3fd37fdc27875d084b2f58485e3f210)] -> xpath: //button[contains(text(),'Customer Login')]]
2020-04-28 12:04:207 INFO  CustomerPage :28 - Clicking on your name [[ChromeDriver: chrome on WINDOWS (c3fd37fdc27875d084b2f58485e3f210)] -> id: userSelect]
2020-04-28 12:04:355 INFO  CustomerPage :34 - Clicking on select name [[ChromeDriver: chrome on WINDOWS (c3fd37fdc27875d084b2f58485e3f210)] -> xpath: //option[contains(text(),'Hermoine Granger')]]
2020-04-28 12:04:503 INFO  CustomerPage :40 - Clicking on login button [[ChromeDriver: chrome on WINDOWS (c3fd37fdc27875d084b2f58485e3f210)] -> xpath: //button[@class='btn btn-default']]
2020-04-28 12:04:827 INFO  AccountPage :60 - Clicking on withdrawal button [[ChromeDriver: chrome on WINDOWS (c3fd37fdc27875d084b2f58485e3f210)] -> xpath: //button[contains(text(),'Withdrawl')]]
2020-04-28 12:04:113 INFO  AccountPage :42 - Enter amount to deposit 50Enter amount [[ChromeDriver: chrome on WINDOWS (c3fd37fdc27875d084b2f58485e3f210)] -> xpath: //input[@placeholder='amount']]
2020-04-28 12:04:208 INFO  AccountPage :60 - Clicking on withdrawal button [[ChromeDriver: chrome on WINDOWS (c3fd37fdc27875d084b2f58485e3f210)] -> xpath: //button[contains(text(),'Withdrawl')]]
2020-04-28 12:04:199 INFO  BrowserSelector :23 - Launching Chrome Browser
2020-04-28 12:04:413 INFO  HomePage :24 - Clicking on bank manager login button [[ChromeDriver: chrome on WINDOWS (1e27bdaae8140723dde0b116b85f99cc)] -> xpath: //button[contains(text(),'Bank Manager Login')]]
2020-04-28 12:04:830 INFO  BankManagerLoginPage :37 - Clicking on customer button [[ChromeDriver: chrome on WINDOWS (1e27bdaae8140723dde0b116b85f99cc)] -> xpath: //button[contains(text(),'Customers')]]
2020-04-28 12:04:149 INFO  BankManagerLoginPage :43 - Clicking button to search customer [[ChromeDriver: chrome on WINDOWS (1e27bdaae8140723dde0b116b85f99cc)] -> xpath: //input[@placeholder='Search Customer']]
2020-04-28 12:04:797 INFO  BrowserSelector :23 - Launching Chrome Browser
2020-04-28 12:04:908 INFO  HomePage :24 - Clicking on bank manager login button [[ChromeDriver: chrome on WINDOWS (1a3946d8d56701d6bdea363a07e8daf1)] -> xpath: //button[contains(text(),'Bank Manager Login')]]
2020-04-28 12:04:387 INFO  BankManagerLoginPage :37 - Clicking on customer button [[ChromeDriver: chrome on WINDOWS (1a3946d8d56701d6bdea363a07e8daf1)] -> xpath: //button[contains(text(),'Customers')]]
2020-04-28 12:04:277 INFO  BankManagerLoginPage :43 - Clicking button to search customer [[ChromeDriver: chrome on WINDOWS (1a3946d8d56701d6bdea363a07e8daf1)] -> xpath: //input[@placeholder='Search Customer']]
2020-04-28 12:04:504 INFO  BankManagerLoginPage :43 - Clicking button to search customer [[ChromeDriver: chrome on WINDOWS (1a3946d8d56701d6bdea363a07e8daf1)] -> xpath: //input[@placeholder='Search Customer']]
2020-04-28 12:04:712 INFO  BankManagerLoginPage :55 - Clicking to delete customer [[ChromeDriver: chrome on WINDOWS (1a3946d8d56701d6bdea363a07e8daf1)] -> xpath: //button[contains(text(),'Delete')]]
2020-04-28 12:04:963 INFO  BrowserSelector :23 - Launching Chrome Browser
2020-04-28 12:04:331 INFO  HomePage :24 - Clicking on bank manager login button [[ChromeDriver: chrome on WINDOWS (53bc3cb491cd638c5cdc5bb4f8e04ecf)] -> xpath: //button[contains(text(),'Bank Manager Login')]]
2020-04-28 12:04:617 INFO  BankManagerLoginPage :31 - Clicking to add customer [[ChromeDriver: chrome on WINDOWS (53bc3cb491cd638c5cdc5bb4f8e04ecf)] -> xpath: //button[contains(text(),'Add Customer')]]
2020-04-28 12:04:952 INFO  AddCustomerPage :28 - Enter first name Hermoine First name field[[ChromeDriver: chrome on WINDOWS (53bc3cb491cd638c5cdc5bb4f8e04ecf)] -> xpath: //input[@placeholder='First Name']]
2020-04-28 12:04:314 INFO  AddCustomerPage :34 - Enter last name GrangerLast name field [[ChromeDriver: chrome on WINDOWS (53bc3cb491cd638c5cdc5bb4f8e04ecf)] -> xpath: //input[@placeholder='Last Name']]
2020-04-28 12:04:620 INFO  AddCustomerPage :40 - Enter post code E859ACPost code field[[ChromeDriver: chrome on WINDOWS (53bc3cb491cd638c5cdc5bb4f8e04ecf)] -> xpath: //input[@placeholder='Post Code']]
2020-04-28 12:04:663 INFO  AddCustomerPage :45 - Clicking on add customer button [[ChromeDriver: chrome on WINDOWS (53bc3cb491cd638c5cdc5bb4f8e04ecf)] -> xpath: //button[@class='btn btn-default']]
2020-04-28 12:04:650 INFO  BrowserSelector :23 - Launching Chrome Browser
2020-04-28 12:04:540 INFO  HomePage :24 - Clicking on bank manager login button [[ChromeDriver: chrome on WINDOWS (f9480807455f5f47a9535f773c8cdceb)] -> xpath: //button[contains(text(),'Bank Manager Login')]]
2020-04-28 12:04:869 INFO  OpenAccountPage :32 - Clicking on open account button [[ChromeDriver: chrome on WINDOWS (f9480807455f5f47a9535f773c8cdceb)] -> xpath: //button[contains(text(),'Open Account')]]
2020-04-28 12:04:160 INFO  OpenAccountPage :44 - Selecting customer name [[ChromeDriver: chrome on WINDOWS (f9480807455f5f47a9535f773c8cdceb)] -> xpath: //option[contains(text(),'Hermoine Granger')]]
2020-04-28 12:04:584 INFO  OpenAccountPage :50 - Clicking on currency button [[ChromeDriver: chrome on WINDOWS (f9480807455f5f47a9535f773c8cdceb)] -> xpath: //select[@id='userSelect']]
2020-04-28 12:04:670 INFO  OpenAccountPage :56 - Selecting currency as pound [[ChromeDriver: chrome on WINDOWS (f9480807455f5f47a9535f773c8cdceb)] -> xpath: //option[contains(text(),'Pound')]]
2020-04-28 12:04:707 INFO  OpenAccountPage :61 - Clicking on process button [[ChromeDriver: chrome on WINDOWS (f9480807455f5f47a9535f773c8cdceb)] -> xpath: //button[contains(text(),'Process')]]
2020-04-28 12:04:620 INFO  BrowserSelector :23 - Launching Chrome Browser
2020-04-28 12:04:401 INFO  HomePage :30 - Clicking on customer login button [[ChromeDriver: chrome on WINDOWS (c882716162d1389fa4b12dfb2b0adfe3)] -> xpath: //button[contains(text(),'Customer Login')]]
2020-04-28 12:04:150 INFO  CustomerPage :28 - Clicking on your name [[ChromeDriver: chrome on WINDOWS (c882716162d1389fa4b12dfb2b0adfe3)] -> id: userSelect]
2020-04-28 12:04:393 INFO  CustomerPage :34 - Clicking on select name [[ChromeDriver: chrome on WINDOWS (c882716162d1389fa4b12dfb2b0adfe3)] -> xpath: //option[contains(text(),'Hermoine Granger')]]
2020-04-28 12:04:894 INFO  CustomerPage :40 - Clicking on login button [[ChromeDriver: chrome on WINDOWS (c882716162d1389fa4b12dfb2b0adfe3)] -> xpath: //button[@class='btn btn-default']]
2020-04-28 12:04:158 INFO  CustomerLoginPage :24 - Getting logout text [[ChromeDriver: chrome on WINDOWS (c882716162d1389fa4b12dfb2b0adfe3)] -> xpath: //button[@class='btn logout']]
2020-04-28 12:04:217 INFO  CustomerLoginPage :30 - Clicking on logout button [[ChromeDriver: chrome on WINDOWS (c882716162d1389fa4b12dfb2b0adfe3)] -> xpath: //button[@class='btn logout']]
2020-04-28 12:04:335 INFO  CustomerPage :45 - Getting your name message [[ChromeDriver: chrome on WINDOWS (c882716162d1389fa4b12dfb2b0adfe3)] -> xpath: //label[contains(text(),'Your Name :')]]
2020-04-28 12:04:256 INFO  BrowserSelector :23 - Launching Chrome Browser
2020-04-28 12:04:474 INFO  HomePage :30 - Clicking on customer login button [[ChromeDriver: chrome on WINDOWS (e3820b1bd32e08730113080395a80e3a)] -> xpath: //button[contains(text(),'Customer Login')]]
2020-04-28 12:04:890 INFO  CustomerPage :28 - Clicking on your name [[ChromeDriver: chrome on WINDOWS (e3820b1bd32e08730113080395a80e3a)] -> id: userSelect]
2020-04-28 12:04:405 INFO  CustomerPage :34 - Clicking on select name [[ChromeDriver: chrome on WINDOWS (e3820b1bd32e08730113080395a80e3a)] -> xpath: //option[contains(text(),'Hermoine Granger')]]
2020-04-28 12:04:25 INFO  CustomerPage :40 - Clicking on login button [[ChromeDriver: chrome on WINDOWS (e3820b1bd32e08730113080395a80e3a)] -> xpath: //button[@class='btn btn-default']]
2020-04-28 12:04:759 INFO  AccountPage :36 - Clicking on deposit button [[ChromeDriver: chrome on WINDOWS (e3820b1bd32e08730113080395a80e3a)] -> xpath: //button[contains(text(),'Deposit')]]
2020-04-28 12:04:693 INFO  AccountPage :42 - Enter amount to deposit 100Enter amount [[ChromeDriver: chrome on WINDOWS (e3820b1bd32e08730113080395a80e3a)] -> xpath: //input[@placeholder='amount']]
2020-04-28 12:04:979 INFO  AccountPage :36 - Clicking on deposit button [[ChromeDriver: chrome on WINDOWS (e3820b1bd32e08730113080395a80e3a)] -> xpath: //button[contains(text(),'Deposit')]]
2020-04-28 12:04:857 INFO  BrowserSelector :23 - Launching Chrome Browser
2020-04-28 12:04:997 INFO  HomePage :30 - Clicking on customer login button [[ChromeDriver: chrome on WINDOWS (c3cfdc3445f6b43d19e58fcb2d7454b5)] -> xpath: //button[contains(text(),'Customer Login')]]
2020-04-28 12:04:797 INFO  CustomerPage :28 - Clicking on your name [[ChromeDriver: chrome on WINDOWS (c3cfdc3445f6b43d19e58fcb2d7454b5)] -> id: userSelect]
2020-04-28 12:04:914 INFO  CustomerPage :34 - Clicking on select name [[ChromeDriver: chrome on WINDOWS (c3cfdc3445f6b43d19e58fcb2d7454b5)] -> xpath: //option[contains(text(),'Hermoine Granger')]]
2020-04-28 12:04:153 INFO  CustomerPage :40 - Clicking on login button [[ChromeDriver: chrome on WINDOWS (c3cfdc3445f6b43d19e58fcb2d7454b5)] -> xpath: //button[@class='btn btn-default']]
2020-04-28 12:04:583 INFO  AccountPage :60 - Clicking on withdrawal button [[ChromeDriver: chrome on WINDOWS (c3cfdc3445f6b43d19e58fcb2d7454b5)] -> xpath: //button[contains(text(),'Withdrawl')]]
2020-04-28 12:04:131 INFO  AccountPage :42 - Enter amount to deposit 50Enter amount [[ChromeDriver: chrome on WINDOWS (c3cfdc3445f6b43d19e58fcb2d7454b5)] -> xpath: //input[@placeholder='amount']]
2020-04-28 12:04:314 INFO  AccountPage :60 - Clicking on withdrawal button [[ChromeDriver: chrome on WINDOWS (c3cfdc3445f6b43d19e58fcb2d7454b5)] -> xpath: //button[contains(text(),'Withdrawl')]]
2020-04-28 12:04:949 INFO  BrowserSelector :23 - Launching Chrome Browser
2020-04-28 12:04:188 INFO  HomePage :24 - Clicking on bank manager login button [[ChromeDriver: chrome on WINDOWS (39fa66fe29880375ce3c184ec34ad8b9)] -> xpath: //button[contains(text(),'Bank Manager Login')]]
2020-04-28 12:04:548 INFO  BankManagerLoginPage :37 - Clicking on customer button [[ChromeDriver: chrome on WINDOWS (39fa66fe29880375ce3c184ec34ad8b9)] -> xpath: //button[contains(text(),'Customers')]]
2020-04-28 12:04:304 INFO  BankManagerLoginPage :43 - Clicking button to search customer [[ChromeDriver: chrome on WINDOWS (39fa66fe29880375ce3c184ec34ad8b9)] -> xpath: //input[@placeholder='Search Customer']]
2020-04-28 12:04:381 INFO  BrowserSelector :23 - Launching Chrome Browser
2020-04-28 12:04:550 INFO  HomePage :24 - Clicking on bank manager login button [[ChromeDriver: chrome on WINDOWS (1d3d8cfc224a13bd3c2012d173fba88c)] -> xpath: //button[contains(text(),'Bank Manager Login')]]
2020-04-28 12:04:929 INFO  BankManagerLoginPage :31 - Clicking to add customer [[ChromeDriver: chrome on WINDOWS (1d3d8cfc224a13bd3c2012d173fba88c)] -> xpath: //button[contains(text(),'Add Customer')]]
2020-04-28 12:04:403 INFO  AddCustomerPage :28 - Enter first name Hermoine First name field[[ChromeDriver: chrome on WINDOWS (1d3d8cfc224a13bd3c2012d173fba88c)] -> xpath: //input[@placeholder='First Name']]
2020-04-28 12:04:571 INFO  AddCustomerPage :34 - Enter last name GrangerLast name field [[ChromeDriver: chrome on WINDOWS (1d3d8cfc224a13bd3c2012d173fba88c)] -> xpath: //input[@placeholder='Last Name']]
2020-04-28 12:04:737 INFO  AddCustomerPage :40 - Enter post code E859ACPost code field[[ChromeDriver: chrome on WINDOWS (1d3d8cfc224a13bd3c2012d173fba88c)] -> xpath: //input[@placeholder='Post Code']]
2020-04-28 12:04:772 INFO  AddCustomerPage :45 - Clicking on add customer button [[ChromeDriver: chrome on WINDOWS (1d3d8cfc224a13bd3c2012d173fba88c)] -> xpath: //button[@class='btn btn-default']]
2020-04-28 12:04:333 INFO  BrowserSelector :23 - Launching Chrome Browser
2020-04-28 12:04:799 INFO  HomePage :24 - Clicking on bank manager login button [[ChromeDriver: chrome on WINDOWS (f2f3d9afa558e163ce9da430ee2a9c6c)] -> xpath: //button[contains(text(),'Bank Manager Login')]]
2020-04-28 12:04:756 INFO  OpenAccountPage :32 - Clicking on open account button [[ChromeDriver: chrome on WINDOWS (f2f3d9afa558e163ce9da430ee2a9c6c)] -> xpath: //button[contains(text(),'Open Account')]]
2020-04-28 12:04:135 INFO  OpenAccountPage :44 - Selecting customer name [[ChromeDriver: chrome on WINDOWS (f2f3d9afa558e163ce9da430ee2a9c6c)] -> xpath: //option[contains(text(),'Hermoine Granger')]]
2020-04-28 12:04:111 INFO  OpenAccountPage :50 - Clicking on currency button [[ChromeDriver: chrome on WINDOWS (f2f3d9afa558e163ce9da430ee2a9c6c)] -> xpath: //select[@id='userSelect']]
2020-04-28 12:04:256 INFO  OpenAccountPage :56 - Selecting currency as pound [[ChromeDriver: chrome on WINDOWS (f2f3d9afa558e163ce9da430ee2a9c6c)] -> xpath: //option[contains(text(),'Pound')]]
2020-04-28 12:04:291 INFO  OpenAccountPage :61 - Clicking on process button [[ChromeDriver: chrome on WINDOWS (f2f3d9afa558e163ce9da430ee2a9c6c)] -> xpath: //button[contains(text(),'Process')]]
2020-04-28 12:04:863 INFO  BrowserSelector :23 - Launching Chrome Browser
2020-04-28 12:04:684 INFO  HomePage :30 - Clicking on customer login button [[ChromeDriver: chrome on WINDOWS (4c8d87593637e26c36743e6b7a6a734e)] -> xpath: //button[contains(text(),'Customer Login')]]
2020-04-28 12:04:62 INFO  CustomerPage :28 - Clicking on your name [[ChromeDriver: chrome on WINDOWS (4c8d87593637e26c36743e6b7a6a734e)] -> id: userSelect]
2020-04-28 12:04:208 INFO  CustomerPage :34 - Clicking on select name [[ChromeDriver: chrome on WINDOWS (4c8d87593637e26c36743e6b7a6a734e)] -> xpath: //option[contains(text(),'Hermoine Granger')]]
2020-04-28 12:04:485 INFO  CustomerPage :40 - Clicking on login button [[ChromeDriver: chrome on WINDOWS (4c8d87593637e26c36743e6b7a6a734e)] -> xpath: //button[@class='btn btn-default']]
2020-04-28 12:04:943 INFO  CustomerLoginPage :24 - Getting logout text [[ChromeDriver: chrome on WINDOWS (4c8d87593637e26c36743e6b7a6a734e)] -> xpath: //button[@class='btn logout']]
2020-04-28 12:04:04 INFO  CustomerLoginPage :30 - Clicking on logout button [[ChromeDriver: chrome on WINDOWS (4c8d87593637e26c36743e6b7a6a734e)] -> xpath: //button[@class='btn logout']]
2020-04-28 12:04:126 INFO  CustomerPage :45 - Getting your name message [[ChromeDriver: chrome on WINDOWS (4c8d87593637e26c36743e6b7a6a734e)] -> xpath: //label[contains(text(),'Your Name :')]]
2020-04-28 12:04:452 INFO  BrowserSelector :23 - Launching Chrome Browser
2020-04-28 12:04:252 INFO  HomePage :30 - Clicking on customer login button [[ChromeDriver: chrome on WINDOWS (12e072b3e940bc4bc91ad19948102c4d)] -> xpath: //button[contains(text(),'Customer Login')]]
2020-04-28 12:04:758 INFO  CustomerPage :28 - Clicking on your name [[ChromeDriver: chrome on WINDOWS (12e072b3e940bc4bc91ad19948102c4d)] -> id: userSelect]
2020-04-28 12:04:52 INFO  CustomerPage :34 - Clicking on select name [[ChromeDriver: chrome on WINDOWS (12e072b3e940bc4bc91ad19948102c4d)] -> xpath: //option[contains(text(),'Hermoine Granger')]]
2020-04-28 12:04:218 INFO  CustomerPage :40 - Clicking on login button [[ChromeDriver: chrome on WINDOWS (12e072b3e940bc4bc91ad19948102c4d)] -> xpath: //button[@class='btn btn-default']]
2020-04-28 12:04:666 INFO  AccountPage :36 - Clicking on deposit button [[ChromeDriver: chrome on WINDOWS (12e072b3e940bc4bc91ad19948102c4d)] -> xpath: //button[contains(text(),'Deposit')]]
2020-04-28 12:04:269 INFO  AccountPage :42 - Enter amount to deposit 100Enter amount [[ChromeDriver: chrome on WINDOWS (12e072b3e940bc4bc91ad19948102c4d)] -> xpath: //input[@placeholder='amount']]
2020-04-28 12:04:350 INFO  AccountPage :36 - Clicking on deposit button [[ChromeDriver: chrome on WINDOWS (12e072b3e940bc4bc91ad19948102c4d)] -> xpath: //button[contains(text(),'Deposit')]]
2020-04-28 12:04:257 INFO  BrowserSelector :23 - Launching Chrome Browser
2020-04-28 12:04:539 INFO  HomePage :30 - Clicking on customer login button [[ChromeDriver: chrome on WINDOWS (4967abd44657a5c10a8c249c80dfff5f)] -> xpath: //button[contains(text(),'Customer Login')]]
2020-04-28 12:04:47 INFO  CustomerPage :28 - Clicking on your name [[ChromeDriver: chrome on WINDOWS (4967abd44657a5c10a8c249c80dfff5f)] -> id: userSelect]
2020-04-28 12:04:196 INFO  CustomerPage :34 - Clicking on select name [[ChromeDriver: chrome on WINDOWS (4967abd44657a5c10a8c249c80dfff5f)] -> xpath: //option[contains(text(),'Hermoine Granger')]]
2020-04-28 12:04:414 INFO  CustomerPage :40 - Clicking on login button [[ChromeDriver: chrome on WINDOWS (4967abd44657a5c10a8c249c80dfff5f)] -> xpath: //button[@class='btn btn-default']]
2020-04-28 12:04:846 INFO  AccountPage :60 - Clicking on withdrawal button [[ChromeDriver: chrome on WINDOWS (4967abd44657a5c10a8c249c80dfff5f)] -> xpath: //button[contains(text(),'Withdrawl')]]
2020-04-28 12:04:223 INFO  AccountPage :42 - Enter amount to deposit 50Enter amount [[ChromeDriver: chrome on WINDOWS (4967abd44657a5c10a8c249c80dfff5f)] -> xpath: //input[@placeholder='amount']]
2020-04-28 12:04:353 INFO  AccountPage :60 - Clicking on withdrawal button [[ChromeDriver: chrome on WINDOWS (4967abd44657a5c10a8c249c80dfff5f)] -> xpath: //button[contains(text(),'Withdrawl')]]
2020-04-28 12:04:619 INFO  BrowserSelector :23 - Launching Chrome Browser
2020-04-28 12:04:960 INFO  HomePage :24 - Clicking on bank manager login button [[ChromeDriver: chrome on WINDOWS (37726b11cb293f613fcaaa758605b660)] -> xpath: //button[contains(text(),'Bank Manager Login')]]
2020-04-28 12:04:260 INFO  BankManagerLoginPage :37 - Clicking on customer button [[ChromeDriver: chrome on WINDOWS (37726b11cb293f613fcaaa758605b660)] -> xpath: //button[contains(text(),'Customers')]]
2020-04-28 12:04:793 INFO  BankManagerLoginPage :43 - Clicking button to search customer [[ChromeDriver: chrome on WINDOWS (37726b11cb293f613fcaaa758605b660)] -> xpath: //input[@placeholder='Search Customer']]
2020-04-28 12:04:16 INFO  BankManagerLoginPage :43 - Clicking button to search customer [[ChromeDriver: chrome on WINDOWS (37726b11cb293f613fcaaa758605b660)] -> xpath: //input[@placeholder='Search Customer']]
2020-04-28 12:04:251 INFO  BankManagerLoginPage :55 - Clicking to delete customer [[ChromeDriver: chrome on WINDOWS (37726b11cb293f613fcaaa758605b660)] -> xpath: //button[contains(text(),'Delete')]]
